Arguments: 
  /Users/jyr/.nvm/versions/node/v14.15.4/bin/node /usr/local/bin/yarn add path

PATH: 
  /Users/jyr/.nvm/versions/node/v14.15.4/bin:/usr/local/bin:/usr/bin:/bin:/usr/sbin:/sbin:/Library/Apple/usr/bin

Yarn version: 
  1.22.10

Node version: 
  14.15.4

Platform: 
  darwin x64

Trace: 
  Error: ENOENT: no such file or directory, copyfile '/Users/jyr/Library/Caches/Yarn/v6/npm-ms-2.1.3-574c8138ce1d2b5861f0b44579dbadd60c6615b2-integrity/node_modules/ms/package.json' -> '/Users/jyr/Desktop/akogarecafe-blog/api/node_modules/nodemon/node_modules/ms/package.json'

npm manifest: 
  {
    "dependencies": {
      "bcrypt": "^5.0.1",
      "cors": "^2.8.5",
      "dotenv": "^10.0.0",
      "express": "^4.17.1",
      "mongoose": "^5.13.7",
      "multer": "^1.4.3",
      "nodemon": "^2.0.13"
    },
    "name": "api",
    "version": "1.0.0",
    "main": "index.js",
    "devDependencies": {},
    "scripts": {
      "start": "nodemon index.js"
    },
    "author": "",
    "license": "ISC",
    "description": ""
  }

yarn manifest: 
  No manifest

Lockfile: 
  No lockfile
